0 info it worked if it ends with ok
1 verbose cli [ 'node', '/usr/local/bin/npm', 'install' ]
2 info using npm@1.4.28
3 info using node@v0.10.35
4 verbose readDependencies using package.json deps
5 verbose install where, deps [ '/Users/shanewang/Documents/iBeaconRetail/iBeaconRetail',
5 verbose install   [ 'express',
5 verbose install     'body-parser',
5 verbose install     'cookie-parser',
5 verbose install     'morgan',
5 verbose install     'serve-favicon',
5 verbose install     'debug',
5 verbose install     'jade',
5 verbose install     'mongodb',
5 verbose install     'mongoose' ] ]
6 info preinstall iBeaconRetail@0.0.0
7 verbose readDependencies using package.json deps
8 verbose cache add [ 'body-parser@~1.10.1', null ]
9 verbose cache add name=undefined spec="body-parser@~1.10.1" args=["body-parser@~1.10.1",null]
10 verbose parsed url { protocol: null,
10 verbose parsed url   slashes: null,
10 verbose parsed url   auth: null,
10 verbose parsed url   host: null,
10 verbose parsed url   port: null,
10 verbose parsed url   hostname: null,
10 verbose parsed url   hash: null,
10 verbose parsed url   search: null,
10 verbose parsed url   query: null,
10 verbose parsed url   pathname: 'body-parser@~1.10.1',
10 verbose parsed url   path: 'body-parser@~1.10.1',
10 verbose parsed url   href: 'body-parser@~1.10.1' }
11 verbose cache add [ 'cookie-parser@~1.3.3', null ]
12 verbose cache add name=undefined spec="cookie-parser@~1.3.3" args=["cookie-parser@~1.3.3",null]
13 verbose parsed url { protocol: null,
13 verbose parsed url   slashes: null,
13 verbose parsed url   auth: null,
13 verbose parsed url   host: null,
13 verbose parsed url   port: null,
13 verbose parsed url   hostname: null,
13 verbose parsed url   hash: null,
13 verbose parsed url   search: null,
13 verbose parsed url   query: null,
13 verbose parsed url   pathname: 'cookie-parser@~1.3.3',
13 verbose parsed url   path: 'cookie-parser@~1.3.3',
13 verbose parsed url   href: 'cookie-parser@~1.3.3' }
14 verbose cache add [ 'morgan@~1.5.1', null ]
15 verbose cache add name=undefined spec="morgan@~1.5.1" args=["morgan@~1.5.1",null]
16 verbose parsed url { protocol: null,
16 verbose parsed url   slashes: null,
16 verbose parsed url   auth: null,
16 verbose parsed url   host: null,
16 verbose parsed url   port: null,
16 verbose parsed url   hostname: null,
16 verbose parsed url   hash: null,
16 verbose parsed url   search: null,
16 verbose parsed url   query: null,
16 verbose parsed url   pathname: 'morgan@~1.5.1',
16 verbose parsed url   path: 'morgan@~1.5.1',
16 verbose parsed url   href: 'morgan@~1.5.1' }
17 verbose cache add name="body-parser" spec="~1.10.1" args=["body-parser","~1.10.1"]
18 verbose parsed url { protocol: null,
18 verbose parsed url   slashes: null,
18 verbose parsed url   auth: null,
18 verbose parsed url   host: null,
18 verbose parsed url   port: null,
18 verbose parsed url   hostname: null,
18 verbose parsed url   hash: null,
18 verbose parsed url   search: null,
18 verbose parsed url   query: null,
18 verbose parsed url   pathname: '~1.10.1',
18 verbose parsed url   path: '~1.10.1',
18 verbose parsed url   href: '~1.10.1' }
19 verbose addNamed [ 'body-parser', '~1.10.1' ]
20 verbose addNamed [ null, '>=1.10.1-0 <1.11.0-0' ]
21 verbose cache add name="cookie-parser" spec="~1.3.3" args=["cookie-parser","~1.3.3"]
22 verbose parsed url { protocol: null,
22 verbose parsed url   slashes: null,
22 verbose parsed url   auth: null,
22 verbose parsed url   host: null,
22 verbose parsed url   port: null,
22 verbose parsed url   hostname: null,
22 verbose parsed url   hash: null,
22 verbose parsed url   search: null,
22 verbose parsed url   query: null,
22 verbose parsed url   pathname: '~1.3.3',
22 verbose parsed url   path: '~1.3.3',
22 verbose parsed url   href: '~1.3.3' }
23 verbose addNamed [ 'cookie-parser', '~1.3.3' ]
24 verbose addNamed [ null, '>=1.3.3-0 <1.4.0-0' ]
25 verbose cache add [ 'serve-favicon@~2.2.0', null ]
26 verbose cache add name=undefined spec="serve-favicon@~2.2.0" args=["serve-favicon@~2.2.0",null]
27 verbose parsed url { protocol: null,
27 verbose parsed url   slashes: null,
27 verbose parsed url   auth: null,
27 verbose parsed url   host: null,
27 verbose parsed url   port: null,
27 verbose parsed url   hostname: null,
27 verbose parsed url   hash: null,
27 verbose parsed url   search: null,
27 verbose parsed url   query: null,
27 verbose parsed url   pathname: 'serve-favicon@~2.2.0',
27 verbose parsed url   path: 'serve-favicon@~2.2.0',
27 verbose parsed url   href: 'serve-favicon@~2.2.0' }
28 verbose cache add name="morgan" spec="~1.5.1" args=["morgan","~1.5.1"]
29 verbose parsed url { protocol: null,
29 verbose parsed url   slashes: null,
29 verbose parsed url   auth: null,
29 verbose parsed url   host: null,
29 verbose parsed url   port: null,
29 verbose parsed url   hostname: null,
29 verbose parsed url   hash: null,
29 verbose parsed url   search: null,
29 verbose parsed url   query: null,
29 verbose parsed url   pathname: '~1.5.1',
29 verbose parsed url   path: '~1.5.1',
29 verbose parsed url   href: '~1.5.1' }
30 verbose addNamed [ 'morgan', '~1.5.1' ]
31 verbose addNamed [ null, '>=1.5.1-0 <1.6.0-0' ]
32 silly lockFile 8e4fa182-body-parser-1-10-1 body-parser@~1.10.1
33 verbose lock body-parser@~1.10.1 /Users/shanewang/.npm/8e4fa182-body-parser-1-10-1.lock
34 silly lockFile bf5babd8-cookie-parser-1-3-3 cookie-parser@~1.3.3
35 verbose lock cookie-parser@~1.3.3 /Users/shanewang/.npm/bf5babd8-cookie-parser-1-3-3.lock
36 silly lockFile 66ba047d-morgan-1-5-1 morgan@~1.5.1
37 verbose lock morgan@~1.5.1 /Users/shanewang/.npm/66ba047d-morgan-1-5-1.lock
38 verbose cache add [ 'debug@~2.1.1', null ]
39 verbose cache add name=undefined spec="debug@~2.1.1" args=["debug@~2.1.1",null]
40 verbose parsed url { protocol: null,
40 verbose parsed url   slashes: null,
40 verbose parsed url   auth: null,
40 verbose parsed url   host: null,
40 verbose parsed url   port: null,
40 verbose parsed url   hostname: null,
40 verbose parsed url   hash: null,
40 verbose parsed url   search: null,
40 verbose parsed url   query: null,
40 verbose parsed url   pathname: 'debug@~2.1.1',
40 verbose parsed url   path: 'debug@~2.1.1',
40 verbose parsed url   href: 'debug@~2.1.1' }
41 verbose cache add [ 'jade@~1.8.2', null ]
42 verbose cache add name=undefined spec="jade@~1.8.2" args=["jade@~1.8.2",null]
43 verbose parsed url { protocol: null,
43 verbose parsed url   slashes: null,
43 verbose parsed url   auth: null,
43 verbose parsed url   host: null,
43 verbose parsed url   port: null,
43 verbose parsed url   hostname: null,
43 verbose parsed url   hash: null,
43 verbose parsed url   search: null,
43 verbose parsed url   query: null,
43 verbose parsed url   pathname: 'jade@~1.8.2',
43 verbose parsed url   path: 'jade@~1.8.2',
43 verbose parsed url   href: 'jade@~1.8.2' }
44 verbose cache add name="serve-favicon" spec="~2.2.0" args=["serve-favicon","~2.2.0"]
45 verbose parsed url { protocol: null,
45 verbose parsed url   slashes: null,
45 verbose parsed url   auth: null,
45 verbose parsed url   host: null,
45 verbose parsed url   port: null,
45 verbose parsed url   hostname: null,
45 verbose parsed url   hash: null,
45 verbose parsed url   search: null,
45 verbose parsed url   query: null,
45 verbose parsed url   pathname: '~2.2.0',
45 verbose parsed url   path: '~2.2.0',
45 verbose parsed url   href: '~2.2.0' }
46 verbose addNamed [ 'serve-favicon', '~2.2.0' ]
47 verbose addNamed [ null, '>=2.2.0-0 <2.3.0-0' ]
48 silly lockFile 9df5bad7-serve-favicon-2-2-0 serve-favicon@~2.2.0
49 verbose lock serve-favicon@~2.2.0 /Users/shanewang/.npm/9df5bad7-serve-favicon-2-2-0.lock
50 verbose cache add name="debug" spec="~2.1.1" args=["debug","~2.1.1"]
51 verbose parsed url { protocol: null,
51 verbose parsed url   slashes: null,
51 verbose parsed url   auth: null,
51 verbose parsed url   host: null,
51 verbose parsed url   port: null,
51 verbose parsed url   hostname: null,
51 verbose parsed url   hash: null,
51 verbose parsed url   search: null,
51 verbose parsed url   query: null,
51 verbose parsed url   pathname: '~2.1.1',
51 verbose parsed url   path: '~2.1.1',
51 verbose parsed url   href: '~2.1.1' }
52 verbose addNamed [ 'debug', '~2.1.1' ]
53 verbose addNamed [ null, '>=2.1.1-0 <2.2.0-0' ]
54 silly lockFile 09d11068-debug-2-1-1 debug@~2.1.1
55 verbose lock debug@~2.1.1 /Users/shanewang/.npm/09d11068-debug-2-1-1.lock
56 verbose cache add [ 'mongodb@*', null ]
57 verbose cache add name=undefined spec="mongodb@*" args=["mongodb@*",null]
58 verbose parsed url { protocol: null,
58 verbose parsed url   slashes: null,
58 verbose parsed url   auth: null,
58 verbose parsed url   host: null,
58 verbose parsed url   port: null,
58 verbose parsed url   hostname: null,
58 verbose parsed url   hash: null,
58 verbose parsed url   search: null,
58 verbose parsed url   query: null,
58 verbose parsed url   pathname: 'mongodb@*',
58 verbose parsed url   path: 'mongodb@*',
58 verbose parsed url   href: 'mongodb@*' }
59 verbose cache add [ 'mongoose@*', null ]
60 verbose cache add name=undefined spec="mongoose@*" args=["mongoose@*",null]
61 verbose parsed url { protocol: null,
61 verbose parsed url   slashes: null,
61 verbose parsed url   auth: null,
61 verbose parsed url   host: null,
61 verbose parsed url   port: null,
61 verbose parsed url   hostname: null,
61 verbose parsed url   hash: null,
61 verbose parsed url   search: null,
61 verbose parsed url   query: null,
61 verbose parsed url   pathname: 'mongoose@*',
61 verbose parsed url   path: 'mongoose@*',
61 verbose parsed url   href: 'mongoose@*' }
62 verbose cache add name="jade" spec="~1.8.2" args=["jade","~1.8.2"]
63 verbose parsed url { protocol: null,
63 verbose parsed url   slashes: null,
63 verbose parsed url   auth: null,
63 verbose parsed url   host: null,
63 verbose parsed url   port: null,
63 verbose parsed url   hostname: null,
63 verbose parsed url   hash: null,
63 verbose parsed url   search: null,
63 verbose parsed url   query: null,
63 verbose parsed url   pathname: '~1.8.2',
63 verbose parsed url   path: '~1.8.2',
63 verbose parsed url   href: '~1.8.2' }
64 verbose addNamed [ 'jade', '~1.8.2' ]
65 verbose addNamed [ null, '>=1.8.2-0 <1.9.0-0' ]
66 silly lockFile 3c7a704c-jade-1-8-2 jade@~1.8.2
67 verbose lock jade@~1.8.2 /Users/shanewang/.npm/3c7a704c-jade-1-8-2.lock
68 silly addNameRange { name: 'cookie-parser',
68 silly addNameRange   range: '>=1.3.3-0 <1.4.0-0',
68 silly addNameRange   hasData: false }
69 silly addNameRange { name: 'body-parser',
69 silly addNameRange   range: '>=1.10.1-0 <1.11.0-0',
69 silly addNameRange   hasData: false }
70 silly addNameRange { name: 'morgan', range: '>=1.5.1-0 <1.6.0-0', hasData: false }
71 verbose cache add name="mongodb" spec="*" args=["mongodb","*"]
72 verbose parsed url { protocol: null,
72 verbose parsed url   slashes: null,
72 verbose parsed url   auth: null,
72 verbose parsed url   host: null,
72 verbose parsed url   port: null,
72 verbose parsed url   hostname: null,
72 verbose parsed url   hash: null,
72 verbose parsed url   search: null,
72 verbose parsed url   query: null,
72 verbose parsed url   pathname: '*',
72 verbose parsed url   path: '*',
72 verbose parsed url   href: '*' }
73 verbose addNamed [ 'mongodb', '*' ]
74 verbose addNamed [ null, '*' ]
75 silly lockFile 842f93d5-mongodb mongodb@*
76 verbose lock mongodb@* /Users/shanewang/.npm/842f93d5-mongodb.lock
77 verbose cache add [ 'express@~4.10.6', null ]
78 verbose cache add name=undefined spec="express@~4.10.6" args=["express@~4.10.6",null]
79 verbose parsed url { protocol: null,
79 verbose parsed url   slashes: null,
79 verbose parsed url   auth: null,
79 verbose parsed url   host: null,
79 verbose parsed url   port: null,
79 verbose parsed url   hostname: null,
79 verbose parsed url   hash: null,
79 verbose parsed url   search: null,
79 verbose parsed url   query: null,
79 verbose parsed url   pathname: 'express@~4.10.6',
79 verbose parsed url   path: 'express@~4.10.6',
79 verbose parsed url   href: 'express@~4.10.6' }
80 verbose cache add name="mongoose" spec="*" args=["mongoose","*"]
81 verbose parsed url { protocol: null,
81 verbose parsed url   slashes: null,
81 verbose parsed url   auth: null,
81 verbose parsed url   host: null,
81 verbose parsed url   port: null,
81 verbose parsed url   hostname: null,
81 verbose parsed url   hash: null,
81 verbose parsed url   search: null,
81 verbose parsed url   query: null,
81 verbose parsed url   pathname: '*',
81 verbose parsed url   path: '*',
81 verbose parsed url   href: '*' }
82 verbose addNamed [ 'mongoose', '*' ]
83 verbose addNamed [ null, '*' ]
84 silly lockFile e0858070-mongoose mongoose@*
85 verbose lock mongoose@* /Users/shanewang/.npm/e0858070-mongoose.lock
86 verbose request where is /cookie-parser
87 verbose request registry https://registry.npmjs.org/
88 verbose request id dcfd299d0dca6833
89 verbose url raw /cookie-parser
90 verbose url resolving [ 'https://registry.npmjs.org/', './cookie-parser' ]
91 verbose url resolved https://registry.npmjs.org/cookie-parser
92 verbose request where is https://registry.npmjs.org/cookie-parser
93 info trying registry request attempt 1 at 14:47:44
94 http GET https://registry.npmjs.org/cookie-parser
95 silly addNameRange { name: 'serve-favicon',
95 silly addNameRange   range: '>=2.2.0-0 <2.3.0-0',
95 silly addNameRange   hasData: false }
96 silly addNameRange { name: 'debug', range: '>=2.1.1-0 <2.2.0-0', hasData: false }
97 verbose request where is /morgan
98 verbose request registry https://registry.npmjs.org/
99 verbose url raw /morgan
100 verbose url resolving [ 'https://registry.npmjs.org/', './morgan' ]
101 verbose url resolved https://registry.npmjs.org/morgan
102 verbose request where is https://registry.npmjs.org/morgan
103 info trying registry request attempt 1 at 14:47:44
104 http GET https://registry.npmjs.org/morgan
105 verbose cache add name="express" spec="~4.10.6" args=["express","~4.10.6"]
106 verbose parsed url { protocol: null,
106 verbose parsed url   slashes: null,
106 verbose parsed url   auth: null,
106 verbose parsed url   host: null,
106 verbose parsed url   port: null,
106 verbose parsed url   hostname: null,
106 verbose parsed url   hash: null,
106 verbose parsed url   search: null,
106 verbose parsed url   query: null,
106 verbose parsed url   pathname: '~4.10.6',
106 verbose parsed url   path: '~4.10.6',
106 verbose parsed url   href: '~4.10.6' }
107 verbose addNamed [ 'express', '~4.10.6' ]
108 verbose addNamed [ null, '>=4.10.6-0 <4.11.0-0' ]
109 silly lockFile 2847eb2c-express-4-10-6 express@~4.10.6
110 verbose lock express@~4.10.6 /Users/shanewang/.npm/2847eb2c-express-4-10-6.lock
111 silly addNameRange { name: 'jade', range: '>=1.8.2-0 <1.9.0-0', hasData: false }
112 verbose request where is /serve-favicon
113 verbose request registry https://registry.npmjs.org/
114 verbose url raw /serve-favicon
115 verbose url resolving [ 'https://registry.npmjs.org/', './serve-favicon' ]
116 verbose url resolved https://registry.npmjs.org/serve-favicon
117 verbose request where is https://registry.npmjs.org/serve-favicon
118 info trying registry request attempt 1 at 14:47:44
119 http GET https://registry.npmjs.org/serve-favicon
120 silly addNameRange { name: 'mongodb', range: '*', hasData: false }
121 silly addNameRange { name: 'mongoose', range: '*', hasData: false }
122 verbose request where is /mongodb
123 verbose request registry https://registry.npmjs.org/
124 verbose url raw /mongodb
125 verbose url resolving [ 'https://registry.npmjs.org/', './mongodb' ]
126 verbose url resolved https://registry.npmjs.org/mongodb
127 verbose request where is https://registry.npmjs.org/mongodb
128 info trying registry request attempt 1 at 14:47:44
129 http GET https://registry.npmjs.org/mongodb
130 silly addNameRange { name: 'express',
130 silly addNameRange   range: '>=4.10.6-0 <4.11.0-0',
130 silly addNameRange   hasData: false }
131 verbose request where is /mongoose
132 verbose request registry https://registry.npmjs.org/
133 verbose url raw /mongoose
134 verbose url resolving [ 'https://registry.npmjs.org/', './mongoose' ]
135 verbose url resolved https://registry.npmjs.org/mongoose
136 verbose request where is https://registry.npmjs.org/mongoose
137 info trying registry request attempt 1 at 14:47:44
138 http GET https://registry.npmjs.org/mongoose
139 verbose request where is /body-parser
140 verbose request registry https://registry.npmjs.org/
141 verbose url raw /body-parser
142 verbose url resolving [ 'https://registry.npmjs.org/', './body-parser' ]
143 verbose url resolved https://registry.npmjs.org/body-parser
144 verbose request where is https://registry.npmjs.org/body-parser
145 info trying registry request attempt 1 at 14:47:44
146 verbose etag "3CQN6PTFA5GIYUFRX17N433B3"
147 http GET https://registry.npmjs.org/body-parser
148 verbose request where is /debug
149 verbose request registry https://registry.npmjs.org/
150 verbose url raw /debug
151 verbose url resolving [ 'https://registry.npmjs.org/', './debug' ]
152 verbose url resolved https://registry.npmjs.org/debug
153 verbose request where is https://registry.npmjs.org/debug
154 info trying registry request attempt 1 at 14:47:44
155 verbose etag "BH0Y9ZB5GG8HXH2SGK2SCS32D"
156 http GET https://registry.npmjs.org/debug
157 verbose request where is /jade
158 verbose request registry https://registry.npmjs.org/
159 verbose url raw /jade
160 verbose url resolving [ 'https://registry.npmjs.org/', './jade' ]
161 verbose url resolved https://registry.npmjs.org/jade
162 verbose request where is https://registry.npmjs.org/jade
163 info trying registry request attempt 1 at 14:47:44
164 verbose etag "ES4MCCDPNRKMEZM28VTIL21QO"
165 http GET https://registry.npmjs.org/jade
166 verbose request where is /express
167 verbose request registry https://registry.npmjs.org/
168 verbose url raw /express
169 verbose url resolving [ 'https://registry.npmjs.org/', './express' ]
170 verbose url resolved https://registry.npmjs.org/express
171 verbose request where is https://registry.npmjs.org/express
172 info trying registry request attempt 1 at 14:47:44
173 verbose etag "C4F8T6N1Q2G5OYIZL3CMXG287"
174 http GET https://registry.npmjs.org/express
175 http 200 https://registry.npmjs.org/serve-favicon
176 silly registry.get cb [ 200,
176 silly registry.get   { date: 'Fri, 09 Jan 2015 22:47:44 GMT',
176 silly registry.get     server: 'CouchDB/1.5.0 (Erlang OTP/R16B03)',
176 silly registry.get     etag: '"YDYZWHTSMHUH8DM7NIC4WKPK"',
176 silly registry.get     'content-type': 'application/json',
176 silly registry.get     'cache-control': 'max-age=60',
176 silly registry.get     'content-length': '20401',
176 silly registry.get     'accept-ranges': 'bytes',
176 silly registry.get     via: '1.1 varnish',
176 silly registry.get     age: '3',
176 silly registry.get     'x-served-by': 'cache-lax1428-LAX',
176 silly registry.get     'x-cache': 'HIT',
176 silly registry.get     'x-cache-hits': '2',
176 silly registry.get     'x-timer': 'S1420843664.477790,VS0,VE0',
176 silly registry.get     vary: 'Accept',
176 silly registry.get     'keep-alive': 'timeout=10, max=50',
176 silly registry.get     connection: 'Keep-Alive' } ]
177 silly addNameRange number 2 { name: 'serve-favicon',
177 silly addNameRange   range: '>=2.2.0-0 <2.3.0-0',
177 silly addNameRange   hasData: true }
178 silly addNameRange versions [ 'serve-favicon',
178 silly addNameRange   [ '2.0.0',
178 silly addNameRange     '2.0.1',
178 silly addNameRange     '2.1.0',
178 silly addNameRange     '2.1.1',
178 silly addNameRange     '2.1.2',
178 silly addNameRange     '2.1.3',
178 silly addNameRange     '2.1.4',
178 silly addNameRange     '2.1.5',
178 silly addNameRange     '2.1.6',
178 silly addNameRange     '2.1.7',
178 silly addNameRange     '2.2.0' ] ]
179 verbose addNamed [ 'serve-favicon', '2.2.0' ]
180 verbose addNamed [ '2.2.0', '2.2.0' ]
181 silly lockFile cef81d7c-serve-favicon-2-2-0 serve-favicon@2.2.0
182 verbose lock serve-favicon@2.2.0 /Users/shanewang/.npm/cef81d7c-serve-favicon-2-2-0.lock
183 silly lockFile cf44cf19--favicon-serve-favicon-2-2-0-tgz https://registry.npmjs.org/serve-favicon/-/serve-favicon-2.2.0.tgz
184 verbose lock https://registry.npmjs.org/serve-favicon/-/serve-favicon-2.2.0.tgz /Users/shanewang/.npm/cf44cf19--favicon-serve-favicon-2-2-0-tgz.lock
185 verbose addRemoteTarball [ 'https://registry.npmjs.org/serve-favicon/-/serve-favicon-2.2.0.tgz',
185 verbose addRemoteTarball   'a0c25ee8a652e1a638a67db46269cd52a8705858' ]
186 info retry fetch attempt 1 at 14:47:44
187 verbose fetch to= /var/folders/2d/406lslxd71x7_vzxk__rfz940000gn/T/npm-2335-oq2Izv9d/registry.npmjs.org/serve-favicon/-/serve-favicon-2.2.0.tgz
188 http GET https://registry.npmjs.org/serve-favicon/-/serve-favicon-2.2.0.tgz
189 http 200 https://registry.npmjs.org/morgan
190 silly registry.get cb [ 200,
190 silly registry.get   { date: 'Fri, 09 Jan 2015 22:47:44 GMT',
190 silly registry.get     server: 'CouchDB/1.5.0 (Erlang OTP/R16B03)',
190 silly registry.get     etag: '"5GB169AIMOSXLXSBY1XBDUPBB"',
190 silly registry.get     'content-type': 'application/json',
190 silly registry.get     'cache-control': 'max-age=60',
190 silly registry.get     'content-length': '33616',
190 silly registry.get     'accept-ranges': 'bytes',
190 silly registry.get     via: '1.1 varnish',
190 silly registry.get     age: '3',
190 silly registry.get     'x-served-by': 'cache-lax1432-LAX',
190 silly registry.get     'x-cache': 'HIT',
190 silly registry.get     'x-cache-hits': '1',
190 silly registry.get     'x-timer': 'S1420843664.489549,VS0,VE0',
190 silly registry.get     vary: 'Accept',
190 silly registry.get     'keep-alive': 'timeout=10, max=50',
190 silly registry.get     connection: 'Keep-Alive' } ]
191 silly addNameRange number 2 { name: 'morgan', range: '>=1.5.1-0 <1.6.0-0', hasData: true }
192 silly addNameRange versions [ 'morgan',
192 silly addNameRange   [ '1.0.0',
192 silly addNameRange     '1.0.1',
192 silly addNameRange     '1.1.0',
192 silly addNameRange     '1.1.1',
192 silly addNameRange     '1.2.0',
192 silly addNameRange     '1.2.1',
192 silly addNameRange     '1.2.2',
192 silly addNameRange     '1.2.3',
192 silly addNameRange     '1.3.0',
192 silly addNameRange     '1.3.1',
192 silly addNameRange     '1.3.2',
192 silly addNameRange     '1.4.0',
192 silly addNameRange     '1.4.1',
192 silly addNameRange     '1.5.0',
192 silly addNameRange     '1.5.1' ] ]
193 verbose addNamed [ 'morgan', '1.5.1' ]
194 verbose addNamed [ '1.5.1', '1.5.1' ]
195 silly lockFile 7ab299d0-morgan-1-5-1 morgan@1.5.1
196 verbose lock morgan@1.5.1 /Users/shanewang/.npm/7ab299d0-morgan-1-5-1.lock
197 http 200 https://registry.npmjs.org/cookie-parser
198 silly registry.get cb [ 200,
198 silly registry.get   { date: 'Fri, 09 Jan 2015 22:47:44 GMT',
198 silly registry.get     server: 'CouchDB/1.5.0 (Erlang OTP/R16B03)',
198 silly registry.get     etag: '"DDKJHDWHHJC6DWGLE2O7KQ8MK"',
198 silly registry.get     'content-type': 'application/json',
198 silly registry.get     'cache-control': 'max-age=60',
198 silly registry.get     'content-length': '14236',
198 silly registry.get     'accept-ranges': 'bytes',
198 silly registry.get     via: '1.1 varnish',
198 silly registry.get     age: '3',
198 silly registry.get     'x-served-by': 'cache-lax1429-LAX',
198 silly registry.get     'x-cache': 'HIT',
198 silly registry.get     'x-cache-hits': '1',
198 silly registry.get     'x-timer': 'S1420843664.555423,VS0,VE0',
198 silly registry.get     vary: 'Accept',
198 silly registry.get     'keep-alive': 'timeout=10, max=50',
198 silly registry.get     connection: 'Keep-Alive' } ]
199 silly lockFile 989d1ba9-pmjs-org-morgan-morgan-1-5-1-tgz https://registry.npmjs.org/morgan/-/morgan-1.5.1.tgz
200 verbose lock https://registry.npmjs.org/morgan/-/morgan-1.5.1.tgz /Users/shanewang/.npm/989d1ba9-pmjs-org-morgan-morgan-1-5-1-tgz.lock
201 verbose addRemoteTarball [ 'https://registry.npmjs.org/morgan/-/morgan-1.5.1.tgz',
201 verbose addRemoteTarball   'a9688eed9187ab648d816fc09c696fae882e16f6' ]
202 info retry fetch attempt 1 at 14:47:44
203 verbose fetch to= /var/folders/2d/406lslxd71x7_vzxk__rfz940000gn/T/npm-2335-oq2Izv9d/registry.npmjs.org/morgan/-/morgan-1.5.1.tgz
204 silly addNameRange number 2 { name: 'cookie-parser',
204 silly addNameRange   range: '>=1.3.3-0 <1.4.0-0',
204 silly addNameRange   hasData: true }
205 silly addNameRange versions [ 'cookie-parser',
205 silly addNameRange   [ '1.0.0',
205 silly addNameRange     '1.0.1',
205 silly addNameRange     '1.1.0',
205 silly addNameRange     '1.2.0',
205 silly addNameRange     '1.3.0',
205 silly addNameRange     '1.3.1',
205 silly addNameRange     '1.3.2',
205 silly addNameRange     '1.3.3' ] ]
206 verbose addNamed [ 'cookie-parser', '1.3.3' ]
207 verbose addNamed [ '1.3.3', '1.3.3' ]
208 silly lockFile 68450bd4-cookie-parser-1-3-3 cookie-parser@1.3.3
209 verbose lock cookie-parser@1.3.3 /Users/shanewang/.npm/68450bd4-cookie-parser-1-3-3.lock
210 http GET https://registry.npmjs.org/morgan/-/morgan-1.5.1.tgz
211 silly lockFile 864e7377-e-parser-cookie-parser-1-3-3-tgz https://registry.npmjs.org/cookie-parser/-/cookie-parser-1.3.3.tgz
212 verbose lock https://registry.npmjs.org/cookie-parser/-/cookie-parser-1.3.3.tgz /Users/shanewang/.npm/864e7377-e-parser-cookie-parser-1-3-3-tgz.lock
213 verbose addRemoteTarball [ 'https://registry.npmjs.org/cookie-parser/-/cookie-parser-1.3.3.tgz',
213 verbose addRemoteTarball   '7e3a2c745f4b460d5a340e578a0baa5d7725fe37' ]
214 info retry fetch attempt 1 at 14:47:44
215 verbose fetch to= /var/folders/2d/406lslxd71x7_vzxk__rfz940000gn/T/npm-2335-oq2Izv9d/registry.npmjs.org/cookie-parser/-/cookie-parser-1.3.3.tgz
216 http GET https://registry.npmjs.org/cookie-parser/-/cookie-parser-1.3.3.tgz
217 http 304 https://registry.npmjs.org/body-parser
218 silly registry.get cb [ 304,
218 silly registry.get   { date: 'Fri, 09 Jan 2015 22:47:44 GMT',
218 silly registry.get     server: 'Apache',
218 silly registry.get     via: '1.1 varnish',
218 silly registry.get     'last-modified': 'Fri, 09 Jan 2015 22:47:44 GMT',
218 silly registry.get     'cache-control': 'max-age=60',
218 silly registry.get     etag: '"3CQN6PTFA5GIYUFRX17N433B3"',
218 silly registry.get     age: '5',
218 silly registry.get     'x-served-by': 'cache-lax1428-LAX',
218 silly registry.get     'x-cache': 'HIT',
218 silly registry.get     'x-cache-hits': '1',
218 silly registry.get     'x-timer': 'S1420843664.796074,VS0,VE0',
218 silly registry.get     vary: 'Accept',
218 silly registry.get     'content-length': '0',
218 silly registry.get     'keep-alive': 'timeout=10, max=49',
218 silly registry.get     connection: 'Keep-Alive' } ]
219 verbose etag https://registry.npmjs.org/body-parser from cache
220 silly addNameRange number 2 { name: 'body-parser',
220 silly addNameRange   range: '>=1.10.1-0 <1.11.0-0',
220 silly addNameRange   hasData: true }
221 silly addNameRange versions [ 'body-parser',
221 silly addNameRange   [ '1.0.0',
221 silly addNameRange     '1.0.1',
221 silly addNameRange     '1.0.2',
221 silly addNameRange     '1.1.0',
221 silly addNameRange     '1.1.1',
221 silly addNameRange     '1.1.2',
221 silly addNameRange     '1.2.0',
221 silly addNameRange     '1.2.1',
221 silly addNameRange     '1.2.2',
221 silly addNameRange     '1.3.0',
221 silly addNameRange     '1.3.1',
221 silly addNameRange     '1.4.0',
221 silly addNameRange     '1.4.1',
221 silly addNameRange     '1.4.2',
221 silly addNameRange     '1.4.3',
221 silly addNameRange     '1.5.0',
221 silly addNameRange     '1.5.1',
221 silly addNameRange     '1.5.2',
221 silly addNameRange     '1.6.0',
221 silly addNameRange     '1.6.1',
221 silly addNameRange     '1.6.2',
221 silly addNameRange     '1.6.3',
221 silly addNameRange     '1.6.4',
221 silly addNameRange     '1.6.5',
221 silly addNameRange     '1.6.6',
221 silly addNameRange     '1.6.7',
221 silly addNameRange     '1.7.0',
221 silly addNameRange     '1.8.0',
221 silly addNameRange     '1.8.1',
221 silly addNameRange     '1.8.2',
221 silly addNameRange     '1.8.3',
221 silly addNameRange     '1.8.4',
221 silly addNameRange     '1.9.0',
221 silly addNameRange     '1.9.1',
221 silly addNameRange     '1.9.2',
221 silly addNameRange     '1.9.3',
221 silly addNameRange     '1.10.0',
221 silly addNameRange     '1.10.1' ] ]
222 verbose addNamed [ 'body-parser', '1.10.1' ]
223 verbose addNamed [ '1.10.1', '1.10.1' ]
224 silly lockFile 0f993b18-body-parser-1-10-1 body-parser@1.10.1
225 verbose lock body-parser@1.10.1 /Users/shanewang/.npm/0f993b18-body-parser-1-10-1.lock
226 silly lockFile 0f993b18-body-parser-1-10-1 body-parser@1.10.1
227 silly lockFile 0f993b18-body-parser-1-10-1 body-parser@1.10.1
228 silly lockFile 8e4fa182-body-parser-1-10-1 body-parser@~1.10.1
229 silly lockFile 8e4fa182-body-parser-1-10-1 body-parser@~1.10.1
230 http 304 https://registry.npmjs.org/debug
231 silly registry.get cb [ 304,
231 silly registry.get   { date: 'Fri, 09 Jan 2015 22:47:44 GMT',
231 silly registry.get     server: 'Apache',
231 silly registry.get     via: '1.1 varnish',
231 silly registry.get     'last-modified': 'Fri, 09 Jan 2015 22:47:29 GMT',
231 silly registry.get     'cache-control': 'max-age=60',
231 silly registry.get     etag: '"BH0Y9ZB5GG8HXH2SGK2SCS32D"',
231 silly registry.get     age: '19',
231 silly registry.get     'x-served-by': 'cache-lax1432-LAX',
231 silly registry.get     'x-cache': 'HIT',
231 silly registry.get     'x-cache-hits': '2',
231 silly registry.get     'x-timer': 'S1420843664.857106,VS0,VE0',
231 silly registry.get     vary: 'Accept',
231 silly registry.get     'content-length': '0',
231 silly registry.get     'keep-alive': 'timeout=10, max=49',
231 silly registry.get     connection: 'Keep-Alive' } ]
232 verbose etag https://registry.npmjs.org/debug from cache
233 silly addNameRange number 2 { name: 'debug', range: '>=2.1.1-0 <2.2.0-0', hasData: true }
234 silly addNameRange versions [ 'debug',
234 silly addNameRange   [ '0.0.1',
234 silly addNameRange     '0.1.0',
234 silly addNameRange     '0.2.0',
234 silly addNameRange     '0.3.0',
234 silly addNameRange     '0.4.0',
234 silly addNameRange     '0.4.1',
234 silly addNameRange     '0.5.0',
234 silly addNameRange     '0.6.0',
234 silly addNameRange     '0.7.0',
234 silly addNameRange     '0.7.1',
234 silly addNameRange     '0.7.2',
234 silly addNameRange     '0.7.3',
234 silly addNameRange     '0.7.4',
234 silly addNameRange     '0.8.0',
234 silly addNameRange     '0.8.1',
234 silly addNameRange     '1.0.0',
234 silly addNameRange     '1.0.1',
234 silly addNameRange     '1.0.2',
234 silly addNameRange     '1.0.3',
234 silly addNameRange     '1.0.4',
234 silly addNameRange     '2.0.0',
234 silly addNameRange     '2.1.0',
234 silly addNameRange     '2.1.1' ] ]
235 verbose addNamed [ 'debug', '2.1.1' ]
236 verbose addNamed [ '2.1.1', '2.1.1' ]
237 silly lockFile 656b33b7-debug-2-1-1 debug@2.1.1
238 verbose lock debug@2.1.1 /Users/shanewang/.npm/656b33b7-debug-2-1-1.lock
239 silly lockFile 656b33b7-debug-2-1-1 debug@2.1.1
240 silly lockFile 656b33b7-debug-2-1-1 debug@2.1.1
241 silly lockFile 09d11068-debug-2-1-1 debug@~2.1.1
242 silly lockFile 09d11068-debug-2-1-1 debug@~2.1.1
243 http 304 https://registry.npmjs.org/jade
244 silly registry.get cb [ 304,
244 silly registry.get   { date: 'Fri, 09 Jan 2015 22:47:44 GMT',
244 silly registry.get     server: 'Apache',
244 silly registry.get     via: '1.1 varnish',
244 silly registry.get     'last-modified': 'Fri, 09 Jan 2015 22:31:41 GMT',
244 silly registry.get     'cache-control': 'max-age=60',
244 silly registry.get     etag: '"ES4MCCDPNRKMEZM28VTIL21QO"',
244 silly registry.get     age: '7',
244 silly registry.get     'x-served-by': 'cache-lax1429-LAX',
244 silly registry.get     'x-cache': 'HIT',
244 silly registry.get     'x-cache-hits': '102',
244 silly registry.get     'x-timer': 'S1420843664.869607,VS0,VE0',
244 silly registry.get     vary: 'Accept',
244 silly registry.get     'content-length': '0',
244 silly registry.get     'keep-alive': 'timeout=10, max=49',
244 silly registry.get     connection: 'Keep-Alive' } ]
245 verbose etag https://registry.npmjs.org/jade from cache
246 silly addNameRange number 2 { name: 'jade', range: '>=1.8.2-0 <1.9.0-0', hasData: true }
247 silly addNameRange versions [ 'jade',
247 silly addNameRange   [ '0.0.1',
247 silly addNameRange     '0.0.2',
247 silly addNameRange     '0.1.0',
247 silly addNameRange     '0.2.0',
247 silly addNameRange     '0.2.1',
247 silly addNameRange     '0.2.2',
247 silly addNameRange     '0.2.3',
247 silly addNameRange     '0.2.4',
247 silly addNameRange     '0.3.0',
247 silly addNameRange     '0.4.0',
247 silly addNameRange     '0.4.1',
247 silly addNameRange     '0.5.0',
247 silly addNameRange     '0.5.1',
247 silly addNameRange     '0.5.2',
247 silly addNameRange     '0.5.3',
247 silly addNameRange     '0.5.4',
247 silly addNameRange     '0.5.5',
247 silly addNameRange     '0.5.6',
247 silly addNameRange     '0.5.7',
247 silly addNameRange     '0.6.0',
247 silly addNameRange     '0.6.1',
247 silly addNameRange     '0.6.3',
247 silly addNameRange     '0.7.0',
247 silly addNameRange     '0.7.1',
247 silly addNameRange     '0.8.0',
247 silly addNameRange     '0.8.1',
247 silly addNameRange     '0.8.2',
247 silly addNameRange     '0.8.3',
247 silly addNameRange     '0.8.4',
247 silly addNameRange     '0.8.5',
247 silly addNameRange     '0.8.6',
247 silly addNameRange     '0.8.7',
247 silly addNameRange     '0.8.8',
247 silly addNameRange     '0.8.9',
247 silly addNameRange     '0.9.0',
247 silly addNameRange     '0.9.1',
247 silly addNameRange     '0.9.2',
247 silly addNameRange     '0.9.3',
247 silly addNameRange     '0.10.0',
247 silly addNameRange     '0.10.1',
247 silly addNameRange     '0.10.2',
247 silly addNameRange     '0.10.3',
247 silly addNameRange     '0.10.4',
247 silly addNameRange     '0.10.5',
247 silly addNameRange     '0.10.6',
247 silly addNameRange     '0.10.7',
247 silly addNameRange     '0.11.0',
247 silly addNameRange     '0.11.1',
247 silly addNameRange     '0.12.0',
247 silly addNameRange     '0.12.1',
247 silly addNameRange     '0.12.2',
247 silly addNameRange     '0.12.3',
247 silly addNameRange     '0.12.4',
247 silly addNameRange     '0.13.0',
247 silly addNameRange     '0.14.0',
247 silly addNameRange     '0.14.1',
247 silly addNameRange     '0.14.2',
247 silly addNameRange     '0.15.0',
247 silly addNameRange     '0.15.1',
247 silly addNameRange     '0.15.2',
247 silly addNameRange     '0.15.3',
247 silly addNameRange     '0.15.4',
247 silly addNameRange     '0.16.0',
247 silly addNameRange     '0.16.1',
247 silly addNameRange     '0.16.2',
247 silly addNameRange     '0.16.3',
247 silly addNameRange     '0.16.4',
247 silly addNameRange     '0.17.0',
247 silly addNameRange     '0.18.0',
247 silly addNameRange     '0.19.0',
247 silly addNameRange     '0.20.0',
247 silly addNameRange     '0.20.1',
247 silly addNameRange     '0.20.2',
247 silly addNameRange     '0.20.3',
247 silly addNameRange     '0.21.0',
247 silly addNameRange     '0.22.0',
247 silly addNameRange     '0.22.1',
247 silly addNameRange     '0.23.0',
247 silly addNameRange     '0.24.0',
247 silly addNameRange     '0.25.0',
247 silly addNameRange     '0.26.0',
247 silly addNameRange     '0.26.1',
247 silly addNameRange     '0.26.2',
247 silly addNameRange     '0.26.3',
247 silly addNameRange     '0.27.0',
247 silly addNameRange     '0.27.1',
247 silly addNameRange     '0.27.2',
247 silly addNameRange     '0.27.3',
247 silly addNameRange     '0.27.4',
247 silly addNameRange     '0.27.5',
247 silly addNameRange     '0.27.6',
247 silly addNameRange     '0.27.7',
247 silly addNameRange     '0.28.0',
247 silly addNameRange     '0.28.1',
247 silly addNameRange     '0.28.2',
247 silly addNameRange     '0.29.0',
247 silly addNameRange     '0.30.0',
247 silly addNameRange     '0.31.0',
247 silly addNameRange     '0.31.1',
247 silly addNameRange     '0.31.2',
247 silly addNameRange     '0.32.0',
247 silly addNameRange     '0.33.0',
247 silly addNameRange     '0.34.0',
247 silly addNameRange     '0.34.1',
247 silly addNameRange     '0.35.0',
247 silly addNameRange     '1.0.0',
247 silly addNameRange     '1.0.1',
247 silly addNameRange     '1.0.2',
247 silly addNameRange     '1.1.0',
247 silly addNameRange     '1.1.1',
247 silly addNameRange     '1.1.2',
247 silly addNameRange     '1.1.3',
247 silly addNameRange     '1.1.4',
247 silly addNameRange     '1.1.5',
247 silly addNameRange     '1.2.0',
247 silly addNameRange     '1.3.0',
247 silly addNameRange     '1.3.1',
247 silly addNameRange     '1.4.0',
247 silly addNameRange     '1.4.1',
247 silly addNameRange     '1.4.2',
247 silly addNameRange     '1.5.0',
247 silly addNameRange     '1.6.0',
247 silly addNameRange     '1.7.0',
247 silly addNameRange     '1.8.0',
247 silly addNameRange     '1.8.1',
247 silly addNameRange     '1.8.2' ] ]
248 verbose addNamed [ 'jade', '1.8.2' ]
249 verbose addNamed [ '1.8.2', '1.8.2' ]
250 silly lockFile c5c4fb28-jade-1-8-2 jade@1.8.2
251 verbose lock jade@1.8.2 /Users/shanewang/.npm/c5c4fb28-jade-1-8-2.lock
252 silly lockFile 60de8c46-ry-npmjs-org-jade-jade-1-8-2-tgz https://registry.npmjs.org/jade/-/jade-1.8.2.tgz
253 verbose lock https://registry.npmjs.org/jade/-/jade-1.8.2.tgz /Users/shanewang/.npm/60de8c46-ry-npmjs-org-jade-jade-1-8-2-tgz.lock
254 verbose addRemoteTarball [ 'https://registry.npmjs.org/jade/-/jade-1.8.2.tgz',
254 verbose addRemoteTarball   '0db3630b2cb8145f6bf144d760b56e6b0bbb0aa0' ]
255 info retry fetch attempt 1 at 14:47:45
256 verbose fetch to= /var/folders/2d/406lslxd71x7_vzxk__rfz940000gn/T/npm-2335-oq2Izv9d/registry.npmjs.org/jade/-/jade-1.8.2.tgz
257 http GET https://registry.npmjs.org/jade/-/jade-1.8.2.tgz
258 http 200 https://registry.npmjs.org/serve-favicon/-/serve-favicon-2.2.0.tgz
259 silly lockFile cf44cf19--favicon-serve-favicon-2-2-0-tgz https://registry.npmjs.org/serve-favicon/-/serve-favicon-2.2.0.tgz
260 silly lockFile cf44cf19--favicon-serve-favicon-2-2-0-tgz https://registry.npmjs.org/serve-favicon/-/serve-favicon-2.2.0.tgz
261 silly lockFile cef81d7c-serve-favicon-2-2-0 serve-favicon@2.2.0
262 silly lockFile cef81d7c-serve-favicon-2-2-0 serve-favicon@2.2.0
263 silly lockFile 9df5bad7-serve-favicon-2-2-0 serve-favicon@~2.2.0
264 silly lockFile 9df5bad7-serve-favicon-2-2-0 serve-favicon@~2.2.0
265 http 200 https://registry.npmjs.org/morgan/-/morgan-1.5.1.tgz
266 http 200 https://registry.npmjs.org/jade/-/jade-1.8.2.tgz
267 silly lockFile 989d1ba9-pmjs-org-morgan-morgan-1-5-1-tgz https://registry.npmjs.org/morgan/-/morgan-1.5.1.tgz
268 silly lockFile 989d1ba9-pmjs-org-morgan-morgan-1-5-1-tgz https://registry.npmjs.org/morgan/-/morgan-1.5.1.tgz
269 silly lockFile 7ab299d0-morgan-1-5-1 morgan@1.5.1
270 silly lockFile 7ab299d0-morgan-1-5-1 morgan@1.5.1
271 silly lockFile 66ba047d-morgan-1-5-1 morgan@~1.5.1
272 silly lockFile 66ba047d-morgan-1-5-1 morgan@~1.5.1
273 silly lockFile 60de8c46-ry-npmjs-org-jade-jade-1-8-2-tgz https://registry.npmjs.org/jade/-/jade-1.8.2.tgz
274 silly lockFile 60de8c46-ry-npmjs-org-jade-jade-1-8-2-tgz https://registry.npmjs.org/jade/-/jade-1.8.2.tgz
275 silly lockFile c5c4fb28-jade-1-8-2 jade@1.8.2
276 silly lockFile c5c4fb28-jade-1-8-2 jade@1.8.2
277 silly lockFile 3c7a704c-jade-1-8-2 jade@~1.8.2
278 silly lockFile 3c7a704c-jade-1-8-2 jade@~1.8.2
279 http 200 https://registry.npmjs.org/cookie-parser/-/cookie-parser-1.3.3.tgz
280 silly lockFile 864e7377-e-parser-cookie-parser-1-3-3-tgz https://registry.npmjs.org/cookie-parser/-/cookie-parser-1.3.3.tgz
281 silly lockFile 864e7377-e-parser-cookie-parser-1-3-3-tgz https://registry.npmjs.org/cookie-parser/-/cookie-parser-1.3.3.tgz
282 silly lockFile 68450bd4-cookie-parser-1-3-3 cookie-parser@1.3.3
283 silly lockFile 68450bd4-cookie-parser-1-3-3 cookie-parser@1.3.3
284 silly lockFile bf5babd8-cookie-parser-1-3-3 cookie-parser@~1.3.3
285 silly lockFile bf5babd8-cookie-parser-1-3-3 cookie-parser@~1.3.3
286 http 200 https://registry.npmjs.org/mongoose
287 silly registry.get cb [ 200,
287 silly registry.get   { date: 'Fri, 09 Jan 2015 22:47:44 GMT',
287 silly registry.get     server: 'CouchDB/1.5.0 (Erlang OTP/R16B03)',
287 silly registry.get     etag: '"5XK84DASU6MNLEKC9KWUBJJTE"',
287 silly registry.get     'content-type': 'application/json',
287 silly registry.get     'cache-control': 'max-age=60',
287 silly registry.get     'content-length': '286613',
287 silly registry.get     'accept-ranges': 'bytes',
287 silly registry.get     via: '1.1 varnish',
287 silly registry.get     age: '0',
287 silly registry.get     'x-served-by': 'cache-lax1435-LAX',
287 silly registry.get     'x-cache': 'HIT',
287 silly registry.get     'x-cache-hits': '1',
287 silly registry.get     'x-timer': 'S1420843664.559892,VS0,VE43',
287 silly registry.get     vary: 'Accept',
287 silly registry.get     'keep-alive': 'timeout=10, max=50',
287 silly registry.get     connection: 'Keep-Alive' } ]
288 silly addNameRange number 2 { name: 'mongoose', range: '*', hasData: true }
289 silly addNameRange versions [ 'mongoose',
289 silly addNameRange   [ '0.0.1',
289 silly addNameRange     '0.0.2',
289 silly addNameRange     '0.0.3',
289 silly addNameRange     '0.0.4',
289 silly addNameRange     '0.0.5',
289 silly addNameRange     '1.0.0',
289 silly addNameRange     '1.0.1',
289 silly addNameRange     '1.0.2',
289 silly addNameRange     '0.0.6',
289 silly addNameRange     '1.0.3',
289 silly addNameRange     '1.0.4',
289 silly addNameRange     '1.0.5',
289 silly addNameRange     '1.0.6',
289 silly addNameRange     '1.0.7',
289 silly addNameRange     '1.0.8',
289 silly addNameRange     '1.0.10',
289 silly addNameRange     '1.0.11',
289 silly addNameRange     '1.0.12',
289 silly addNameRange     '1.0.13',
289 silly addNameRange     '1.0.14',
289 silly addNameRange     '1.0.15',
289 silly addNameRange     '1.0.16',
289 silly addNameRange     '1.1.0',
289 silly addNameRange     '1.1.1',
289 silly addNameRange     '1.1.2',
289 silly addNameRange     '1.1.3',
289 silly addNameRange     '1.1.4',
289 silly addNameRange     '1.1.5',
289 silly addNameRange     '1.1.6',
289 silly addNameRange     '1.1.7',
289 silly addNameRange     '1.1.8',
289 silly addNameRange     '1.1.9',
289 silly addNameRange     '1.1.10',
289 silly addNameRange     '1.1.11',
289 silly addNameRange     '1.1.12',
289 silly addNameRange     '1.1.13',
289 silly addNameRange     '1.1.14',
289 silly addNameRange     '1.1.15',
289 silly addNameRange     '1.1.16',
289 silly addNameRange     '1.1.17',
289 silly addNameRange     '1.1.18',
289 silly addNameRange     '1.1.19',
289 silly addNameRange     '1.1.20',
289 silly addNameRange     '1.1.21',
289 silly addNameRange     '1.1.22',
289 silly addNameRange     '1.1.23',
289 silly addNameRange     '1.1.24',
289 silly addNameRange     '1.1.25',
289 silly addNameRange     '1.2.0',
289 silly addNameRange     '1.3.0',
289 silly addNameRange     '1.3.1',
289 silly addNameRange     '1.3.2',
289 silly addNameRange     '1.3.3',
289 silly addNameRange     '1.3.4',
289 silly addNameRange     '1.3.5',
289 silly addNameRange     '1.3.6',
289 silly addNameRange     '1.3.7',
289 silly addNameRange     '1.4.0',
289 silly addNameRange     '1.5.0',
289 silly addNameRange     '1.6.0',
289 silly addNameRange     '1.7.2',
289 silly addNameRange     '1.7.3',
289 silly addNameRange     '1.7.4',
289 silly addNameRange     '1.8.0',
289 silly addNameRange     '1.8.1',
289 silly addNameRange     '1.8.2',
289 silly addNameRange     '1.8.3',
289 silly addNameRange     '1.8.4',
289 silly addNameRange     '2.0.0',
289 silly addNameRange     '2.0.1',
289 silly addNameRange     '2.0.2',
289 silly addNameRange     '2.0.3',
289 silly addNameRange     '2.0.4',
289 silly addNameRange     '2.1.0',
289 silly addNameRange     '2.1.1',
289 silly addNameRange     '2.1.2',
289 silly addNameRange     '2.1.3',
289 silly addNameRange     '2.1.4',
289 silly addNameRange     '2.2.0',
289 silly addNameRange     '2.2.1',
289 silly addNameRange     '2.2.2',
289 silly addNameRange     '2.2.3',
289 silly addNameRange     '2.2.4',
289 silly addNameRange     '2.3.0',
289 silly addNameRange     '2.3.1',
289 silly addNameRange     '2.3.2',
289 silly addNameRange     '2.3.3',
289 silly addNameRange     '2.3.4',
289 silly addNameRange     '2.3.5',
289 silly addNameRange     '2.3.6',
289 silly addNameRange     '2.3.7',
289 silly addNameRange     '2.3.8',
289 silly addNameRange     '2.3.9',
289 silly addNameRange     '2.3.10',
289 silly addNameRange     '2.3.11',
289 silly addNameRange     '2.3.12',
289 silly addNameRange     '2.3.13',
289 silly addNameRange     '2.4.0',
289 silly addNameRange     '2.4.1',
289 silly addNameRange     '2.4.2',
289 silly addNameRange     '2.4.3',
289 silly addNameRange     '2.4.4',
289 silly addNameRange     '2.4.5',
289 silly addNameRange     '2.4.6',
289 silly addNameRange     '2.4.7',
289 silly addNameRange     '2.4.8',
289 silly addNameRange     '2.4.9',
289 silly addNameRange     '2.4.10',
289 silly addNameRange     '2.5.0',
289 silly addNameRange     '2.5.1',
289 silly addNameRange     '2.5.2',
289 silly addNameRange     '2.5.3',
289 silly addNameRange     '2.5.4',
289 silly addNameRange     '2.5.5',
289 silly addNameRange     '2.5.6',
289 silly addNameRange     '2.5.7',
289 silly addNameRange     '2.5.8',
289 silly addNameRange     '2.5.9',
289 silly addNameRange     '2.5.10',
289 silly addNameRange     '2.5.11',
289 silly addNameRange     '2.5.12',
289 silly addNameRange     '2.5.13',
289 silly addNameRange     '2.5.14',
289 silly addNameRange     '2.6.0',
289 silly addNameRange     '2.6.1',
289 silly addNameRange     '2.6.2',
289 silly addNameRange     '2.6.3',
289 silly addNameRange     '2.6.4',
289 silly addNameRange     '2.6.5',
289 silly addNameRange     '2.6.6',
289 silly addNameRange     '2.6.7',
289 silly addNameRange     '2.6.8',
289 silly addNameRange     '2.7.0',
289 silly addNameRange     '2.7.1',
289 silly addNameRange     '2.7.2',
289 silly addNameRange     '2.7.4',
289 silly addNameRange     '2.7.3',
289 silly addNameRange     '3.0.0',
289 silly addNameRange     '3.0.1',
289 silly addNameRange     '3.0.2',
289 silly addNameRange     '2.8.0',
289 silly addNameRange     '3.0.3',
289 silly addNameRange     '3.1.0',
289 silly addNameRange     '2.8.1',
289 silly addNameRange     '3.1.1',
289 silly addNameRange     '2.8.2',
289 silly addNameRange     '2.8.3',
289 silly addNameRange     '2.9.0',
289 silly addNameRange     '3.2.0',
289 silly addNameRange     '2.9.1',
289 silly addNameRange     '3.2.1',
289 silly addNameRange     '2.9.2',
289 silly addNameRange     '3.2.2',
289 silly addNameRange     '3.3.0',
289 silly addNameRange     '3.3.1',
289 silly addNameRange     '2.9.3',
289 silly addNameRange     '3.4.0',
289 silly addNameRange     '2.9.4',
289 silly addNameRange     '2.9.5',
289 silly addNameRange     '3.5.0',
289 silly addNameRange     '3.5.1',
289 silly addNameRange     '3.5.2',
289 silly addNameRange     '3.5.3',
289 silly addNameRange     '2.9.6',
289 silly addNameRange     '2.9.7',
289 silly addNameRange     '3.5.4',
289 silly addNameRange     '3.5.5',
289 silly addNameRange     '2.9.8',
289 silly addNameRange     '2.9.9',
289 silly addNameRange     '3.5.6',
289 silly addNameRange     '3.5.7',
289 silly addNameRange     '3.5.8',
289 silly addNameRange     '2.9.10',
289 silly addNameRange     '3.5.9',
289 silly addNameRange     '3.6.2',
289 silly addNameRange     '3.5.10',
289 silly addNameRange     '3.6.3',
289 silly addNameRange     '3.5.11',
289 silly addNameRange     '3.6.4',
289 silly addNameRange     '3.6.5',
289 silly addNameRange     '3.6.6',
289 silly addNameRange     '3.6.7',
289 silly addNameRange     '3.5.12',
289 silly addNameRange     '3.6.8',
289 silly addNameRange     '3.6.9',
289 silly addNameRange     '3.6.10',
289 silly addNameRange     '3.5.13',
289 silly addNameRange     '3.5.14',
289 silly addNameRange     '3.6.11',
289 silly addNameRange     '3.6.12',
289 silly addNameRange     '3.6.13',
289 silly addNameRange     '3.6.14',
289 silly addNameRange     '3.6.15',
289 silly addNameRange     '3.5.15',
289 silly addNameRange     '3.7.0',
289 silly addNameRange     '3.6.16',
289 silly addNameRange     '3.5.16',
289 silly addNameRange     '3.6.17',
289 silly addNameRange     '3.7.2',
289 silly addNameRange     '3.0.0-alpha1',
289 silly addNameRange     '3.0.0-alpha2',
289 silly addNameRange     '3.0.0-rc0',
289 silly addNameRange     '3.6.0-rc0',
289 silly addNameRange     '3.6.0-rc1',
289 silly addNameRange     '3.6.18',
289 silly addNameRange     '3.7.3',
289 silly addNameRange     '3.6.19',
289 silly addNameRange     '3.6.20',
289 silly addNameRange     '3.7.4',
289 silly addNameRange     '3.8.0',
289 silly addNameRange     '3.8.1',
289 silly addNameRange     '3.8.2',
289 silly addNameRange     '3.8.3',
289 silly addNameRange     '3.8.4',
289 silly addNameRange     '3.8.5',
289 silly addNameRange     '3.8.6',
289 silly addNameRange     '3.8.7',
289 silly addNameRange     '3.8.8',
289 silly addNameRange     '3.8.9',
289 silly addNameRange     '3.8.10',
289 silly addNameRange     '3.8.11',
289 silly addNameRange     '3.9.0',
289 silly addNameRange     '3.8.12',
289 silly addNameRange     '3.8.13',
289 silly addNameRange     '3.8.14',
289 silly addNameRange     '3.8.15',
289 silly addNameRange     '3.9.1',
289 silly addNameRange     '3.8.16',
289 silly addNameRange     '3.9.2',
289 silly addNameRange     '3.8.17',
289 silly addNameRange     '3.9.3',
289 silly addNameRange     '3.8.18',
289 silly addNameRange     '3.9.4',
289 silly addNameRange     '3.8.19',
289 silly addNameRange     '3.9.5',
289 silly addNameRange     '3.8.20',
289 silly addNameRange     '3.9.6',
289 silly addNameRange     '3.8.21',
289 silly addNameRange     '3.9.7' ] ]
290 verbose addNamed [ 'mongoose', '3.8.21' ]
291 verbose addNamed [ '3.8.21', '3.8.21' ]
292 silly lockFile e1560adf-mongoose-3-8-21 mongoose@3.8.21
293 verbose lock mongoose@3.8.21 /Users/shanewang/.npm/e1560adf-mongoose-3-8-21.lock
294 silly lockFile e1a0ff21-org-mongoose-mongoose-3-8-21-tgz https://registry.npmjs.org/mongoose/-/mongoose-3.8.21.tgz
295 verbose lock https://registry.npmjs.org/mongoose/-/mongoose-3.8.21.tgz /Users/shanewang/.npm/e1a0ff21-org-mongoose-mongoose-3-8-21-tgz.lock
296 verbose addRemoteTarball [ 'https://registry.npmjs.org/mongoose/-/mongoose-3.8.21.tgz',
296 verbose addRemoteTarball   'ba96d6e73b7b73a5c133ca886de316994df2a2f0' ]
297 info retry fetch attempt 1 at 14:47:46
298 verbose fetch to= /var/folders/2d/406lslxd71x7_vzxk__rfz940000gn/T/npm-2335-oq2Izv9d/registry.npmjs.org/mongoose/-/mongoose-3.8.21.tgz
299 http GET https://registry.npmjs.org/mongoose/-/mongoose-3.8.21.tgz
300 http 200 https://registry.npmjs.org/mongoose/-/mongoose-3.8.21.tgz
301 silly lockFile e1a0ff21-org-mongoose-mongoose-3-8-21-tgz https://registry.npmjs.org/mongoose/-/mongoose-3.8.21.tgz
302 silly lockFile e1a0ff21-org-mongoose-mongoose-3-8-21-tgz https://registry.npmjs.org/mongoose/-/mongoose-3.8.21.tgz
303 silly lockFile e1560adf-mongoose-3-8-21 mongoose@3.8.21
304 silly lockFile e1560adf-mongoose-3-8-21 mongoose@3.8.21
305 silly lockFile e0858070-mongoose mongoose@*
306 silly lockFile e0858070-mongoose mongoose@*
307 http 200 https://registry.npmjs.org/mongodb
308 silly registry.get cb [ 200,
308 silly registry.get   { date: 'Fri, 09 Jan 2015 22:47:44 GMT',
308 silly registry.get     server: 'CouchDB/1.5.0 (Erlang OTP/R16B03)',
308 silly registry.get     etag: '"9ZBVH9LML4484RL20H57TRUCV"',
308 silly registry.get     'content-type': 'application/json',
308 silly registry.get     'cache-control': 'max-age=60',
308 silly registry.get     'content-length': '405829',
308 silly registry.get     'accept-ranges': 'bytes',
308 silly registry.get     via: '1.1 varnish',
308 silly registry.get     age: '14',
308 silly registry.get     'x-served-by': 'cache-lax1420-LAX',
308 silly registry.get     'x-cache': 'HIT',
308 silly registry.get     'x-cache-hits': '1',
308 silly registry.get     'x-timer': 'S1420843664.467826,VS0,VE1',
308 silly registry.get     vary: 'Accept',
308 silly registry.get     'keep-alive': 'timeout=10, max=50',
308 silly registry.get     connection: 'Keep-Alive' } ]
309 silly addNameRange number 2 { name: 'mongodb', range: '*', hasData: true }
310 silly addNameRange versions [ 'mongodb',
310 silly addNameRange   [ '0.9.4',
310 silly addNameRange     '0.9.4-4',
310 silly addNameRange     '0.9.3',
310 silly addNameRange     '0.9.1',
310 silly addNameRange     '0.9.2',
310 silly addNameRange     '0.9.6-7',
310 silly addNameRange     '0.9.6-8',
310 silly addNameRange     '0.9.6-9',
310 silly addNameRange     '0.9.6-10',
310 silly addNameRange     '0.9.6-11',
310 silly addNameRange     '0.9.6-12',
310 silly addNameRange     '0.9.6-13',
310 silly addNameRange     '0.9.6-14',
310 silly addNameRange     '0.9.6-15',
310 silly addNameRange     '0.9.6-16',
310 silly addNameRange     '0.9.6-17',
310 silly addNameRange     '0.9.6-18',
310 silly addNameRange     '0.9.6-19',
310 silly addNameRange     '0.9.6-20',
310 silly addNameRange     '0.9.6-21',
310 silly addNameRange     '0.9.6-22',
310 silly addNameRange     '0.9.6-23',
310 silly addNameRange     '0.9.7',
310 silly addNameRange     '0.9.7-0',
310 silly addNameRange     '0.9.7-1',
310 silly addNameRange     '0.9.7-1.1',
310 silly addNameRange     '0.9.7-1.2',
310 silly addNameRange     '0.9.7-1.3',
310 silly addNameRange     '0.9.7-1.4',
310 silly addNameRange     '0.9.7-2',
310 silly addNameRange     '0.9.7-2-1',
310 silly addNameRange     '0.9.7-2-2',
310 silly addNameRange     '0.9.7-2-3',
310 silly addNameRange     '0.9.7-2-4',
310 silly addNameRange     '0.9.7-2-5',
310 silly addNameRange     '0.9.7-3',
310 silly addNameRange     '0.9.7-3-1',
310 silly addNameRange     '0.9.7-3-2',
310 silly addNameRange     '0.9.7-3-3',
310 silly addNameRange     '0.9.7-3-4',
310 silly addNameRange     '0.9.7-3-5',
310 silly addNameRange     '0.9.8',
310 silly addNameRange     '0.9.8-1',
310 silly addNameRange     '0.9.8-2',
310 silly addNameRange     '0.9.8-3',
310 silly addNameRange     '0.9.8-4',
310 silly addNameRange     '0.9.8-5',
310 silly addNameRange     '0.9.8-6',
310 silly addNameRange     '0.9.8-7',
310 silly addNameRange     '0.9.9',
310 silly addNameRange     '0.9.9-1',
310 silly addNameRange     '0.9.9-2',
310 silly addNameRange     '0.9.9-3',
310 silly addNameRange     '0.9.9-4',
310 silly addNameRange     '0.9.9-5',
310 silly addNameRange     '0.9.9-6',
310 silly addNameRange     '0.9.9-7',
310 silly addNameRange     '0.9.9-8',
310 silly addNameRange     '1.0.0',
310 silly addNameRange     '1.0.1',
310 silly addNameRange     '1.0.2',
310 silly addNameRange     '1.1.0-beta',
310 silly addNameRange     '1.1.0',
310 silly addNameRange     '1.1.1',
310 silly addNameRange     '1.1.2',
310 silly addNameRange     '1.1.3',
310 silly addNameRange     '1.1.4',
310 silly addNameRange     '1.1.5',
310 silly addNameRange     '1.1.6',
310 silly addNameRange     '1.1.7',
310 silly addNameRange     '1.1.8',
310 silly addNameRange     '1.1.9',
310 silly addNameRange     '1.1.10',
310 silly addNameRange     '1.1.11',
310 silly addNameRange     '1.2.0',
310 silly addNameRange     '1.2.1',
310 silly addNameRange     '1.2.2',
310 silly addNameRange     '1.2.3',
310 silly addNameRange     '1.2.4',
310 silly addNameRange     '1.2.5',
310 silly addNameRange     '1.2.6',
310 silly addNameRange     '1.2.7',
310 silly addNameRange     '1.2.8',
310 silly addNameRange     '1.2.9',
310 silly addNameRange     '1.2.10',
310 silly addNameRange     '1.2.11',
310 silly addNameRange     '1.2.12',
310 silly addNameRange     '1.2.13',
310 silly addNameRange     '1.2.14',
310 silly addNameRange     '1.3.0',
310 silly addNameRange     '1.3.1',
310 silly addNameRange     '1.3.2',
310 silly addNameRange     '1.3.3',
310 silly addNameRange     '1.3.4',
310 silly addNameRange     '1.3.5',
310 silly addNameRange     '1.3.6',
310 silly addNameRange     '1.3.7',
310 silly addNameRange     '1.3.8',
310 silly addNameRange     '1.3.9',
310 silly addNameRange     '1.3.10',
310 silly addNameRange     '1.3.11',
310 silly addNameRange     '1.3.12',
310 silly addNameRange     '1.3.14',
310 silly addNameRange     '1.3.15',
310 silly addNameRange     '1.3.17',
310 silly addNameRange     '1.3.18',
310 silly addNameRange     '1.3.19',
310 silly addNameRange     '1.4.0-rc2',
310 silly addNameRange     '1.3.20',
310 silly addNameRange     '1.4.0-rc3',
310 silly addNameRange     '1.3.21',
310 silly addNameRange     '1.3.22',
310 silly addNameRange     '1.3.23',
310 silly addNameRange     '1.4.0-rc4',
310 silly addNameRange     '1.4.0-rc5',
310 silly addNameRange     '1.4.0-rc6',
310 silly addNameRange     '1.4.0-rc7',
310 silly addNameRange     '1.4.0-rc8',
310 silly addNameRange     '1.4.0-rc9',
310 silly addNameRange     '1.4.0-rc10',
310 silly addNameRange     '1.4.0',
310 silly addNameRange     '1.4.1',
310 silly addNameRange     '1.4.2',
310 silly addNameRange     '1.4.3',
310 silly addNameRange     '1.4.4',
310 silly addNameRange     '1.4.5',
310 silly addNameRange     '1.4.6',
310 silly addNameRange     '1.4.7',
310 silly addNameRange     '1.4.8',
310 silly addNameRange     '1.4.9',
310 silly addNameRange     '1.4.10',
310 silly addNameRange     '2.0.0-alpha1',
310 silly addNameRange     '1.4.11',
310 silly addNameRange     '1.4.12',
310 silly addNameRange     '1.4.14',
310 silly addNameRange     '1.4.15',
310 silly addNameRange     '1.4.16',
310 silly addNameRange     '1.4.17',
310 silly addNameRange     '2.0.0-alpha2',
310 silly addNameRange     '1.4.18',
310 silly addNameRange     '2.0.0',
310 silly addNameRange     '2.0.1',
310 silly addNameRange     '2.0.2',
310 silly addNameRange     '1.4.19',
310 silly addNameRange     '2.0.3',
310 silly addNameRange     '2.0.4',
310 silly addNameRange     '2.0.5',
310 silly addNameRange     '2.0.6',
310 silly addNameRange     '1.4.20',
310 silly addNameRange     '1.4.22',
310 silly addNameRange     '2.0.7',
310 silly addNameRange     '2.0.8',
310 silly addNameRange     '2.0.9',
310 silly addNameRange     '1.4.23',
310 silly addNameRange     '2.0.10',
310 silly addNameRange     '1.4.24',
310 silly addNameRange     '2.0.11',
310 silly addNameRange     '1.4.25',
310 silly addNameRange     '2.0.12',
310 silly addNameRange     '1.4.26',
310 silly addNameRange     '1.4.27',
310 silly addNameRange     '1.4.28',
310 silly addNameRange     '2.0.13' ] ]
311 verbose addNamed [ 'mongodb', '1.4.28' ]
312 verbose addNamed [ '1.4.28', '1.4.28' ]
313 silly lockFile 75809de0-mongodb-1-4-28 mongodb@1.4.28
314 verbose lock mongodb@1.4.28 /Users/shanewang/.npm/75809de0-mongodb-1-4-28.lock
315 silly lockFile 0c5f99c9-s-org-mongodb-mongodb-1-4-28-tgz https://registry.npmjs.org/mongodb/-/mongodb-1.4.28.tgz
316 verbose lock https://registry.npmjs.org/mongodb/-/mongodb-1.4.28.tgz /Users/shanewang/.npm/0c5f99c9-s-org-mongodb-mongodb-1-4-28-tgz.lock
317 verbose addRemoteTarball [ 'https://registry.npmjs.org/mongodb/-/mongodb-1.4.28.tgz',
317 verbose addRemoteTarball   '4308333aa9b369cc8214a67602527d138bf74e1f' ]
318 info retry fetch attempt 1 at 14:47:49
319 verbose fetch to= /var/folders/2d/406lslxd71x7_vzxk__rfz940000gn/T/npm-2335-oq2Izv9d/registry.npmjs.org/mongodb/-/mongodb-1.4.28.tgz
320 http GET https://registry.npmjs.org/mongodb/-/mongodb-1.4.28.tgz
321 http 200 https://registry.npmjs.org/express
322 silly registry.get cb [ 200,
322 silly registry.get   { date: 'Fri, 09 Jan 2015 22:47:44 GMT',
322 silly registry.get     server: 'CouchDB/1.5.0 (Erlang OTP/R16B03)',
322 silly registry.get     etag: '"ALJCU2JRBOPEFY79BHVIACDL3"',
322 silly registry.get     'content-type': 'application/json',
322 silly registry.get     'cache-control': 'max-age=60',
322 silly registry.get     'content-length': '450913',
322 silly registry.get     'accept-ranges': 'bytes',
322 silly registry.get     via: '1.1 varnish',
322 silly registry.get     age: '57',
322 silly registry.get     'x-served-by': 'cache-lax1428-LAX',
322 silly registry.get     'x-cache': 'HIT',
322 silly registry.get     'x-cache-hits': '2',
322 silly registry.get     'x-timer': 'S1420843664.977749,VS0,VE0',
322 silly registry.get     vary: 'Accept',
322 silly registry.get     'keep-alive': 'timeout=10, max=48',
322 silly registry.get     connection: 'Keep-Alive' } ]
323 silly addNameRange number 2 { name: 'express', range: '>=4.10.6-0 <4.11.0-0', hasData: true }
324 silly addNameRange versions [ 'express',
324 silly addNameRange   [ '0.14.0',
324 silly addNameRange     '0.14.1',
324 silly addNameRange     '1.0.0',
324 silly addNameRange     '1.0.1',
324 silly addNameRange     '1.0.2',
324 silly addNameRange     '1.0.3',
324 silly addNameRange     '1.0.4',
324 silly addNameRange     '1.0.5',
324 silly addNameRange     '1.0.6',
324 silly addNameRange     '1.0.7',
324 silly addNameRange     '1.0.8',
324 silly addNameRange     '2.0.0',
324 silly addNameRange     '2.1.0',
324 silly addNameRange     '2.1.1',
324 silly addNameRange     '2.2.0',
324 silly addNameRange     '2.2.1',
324 silly addNameRange     '2.2.2',
324 silly addNameRange     '2.3.0',
324 silly addNameRange     '2.3.1',
324 silly addNameRange     '2.3.2',
324 silly addNameRange     '2.3.3',
324 silly addNameRange     '2.3.4',
324 silly addNameRange     '2.3.5',
324 silly addNameRange     '2.3.6',
324 silly addNameRange     '2.3.7',
324 silly addNameRange     '2.3.8',
324 silly addNameRange     '2.3.9',
324 silly addNameRange     '2.3.10',
324 silly addNameRange     '2.3.11',
324 silly addNameRange     '2.3.12',
324 silly addNameRange     '2.4.0',
324 silly addNameRange     '2.4.1',
324 silly addNameRange     '2.4.2',
324 silly addNameRange     '2.4.3',
324 silly addNameRange     '2.4.4',
324 silly addNameRange     '2.4.5',
324 silly addNameRange     '2.4.6',
324 silly addNameRange     '2.4.7',
324 silly addNameRange     '2.5.0',
324 silly addNameRange     '2.5.1',
324 silly addNameRange     '2.5.2',
324 silly addNameRange     '2.5.3',
324 silly addNameRange     '2.5.4',
324 silly addNameRange     '2.5.5',
324 silly addNameRange     '2.5.6',
324 silly addNameRange     '2.5.7',
324 silly addNameRange     '2.5.8',
324 silly addNameRange     '2.5.9',
324 silly addNameRange     '2.5.10',
324 silly addNameRange     '2.5.11',
324 silly addNameRange     '3.0.0',
324 silly addNameRange     '3.0.1',
324 silly addNameRange     '3.0.2',
324 silly addNameRange     '3.0.3',
324 silly addNameRange     '3.0.4',
324 silly addNameRange     '3.0.5',
324 silly addNameRange     '3.0.6',
324 silly addNameRange     '3.1.0',
324 silly addNameRange     '3.1.1',
324 silly addNameRange     '3.1.2',
324 silly addNameRange     '3.2.0',
324 silly addNameRange     '3.2.1',
324 silly addNameRange     '3.2.2',
324 silly addNameRange     '3.2.3',
324 silly addNameRange     '3.2.4',
324 silly addNameRange     '3.2.5',
324 silly addNameRange     '3.2.6',
324 silly addNameRange     '3.3.0',
324 silly addNameRange     '3.3.1',
324 silly addNameRange     '3.3.2',
324 silly addNameRange     '3.3.3',
324 silly addNameRange     '3.3.4',
324 silly addNameRange     '3.3.5',
324 silly addNameRange     '3.3.6',
324 silly addNameRange     '1.0.0-beta',
324 silly addNameRange     '1.0.0-beta2',
324 silly addNameRange     '1.0.0-rc',
324 silly addNameRange     '1.0.0-rc2',
324 silly addNameRange     '1.0.0-rc3',
324 silly addNameRange     '1.0.0-rc4',
324 silly addNameRange     '2.0.0-beta',
324 silly addNameRange     '2.0.0-beta2',
324 silly addNameRange     '2.0.0-beta3',
324 silly addNameRange     '2.0.0-rc',
324 silly addNameRange     '2.0.0-rc2',
324 silly addNameRange     '2.0.0-rc3',
324 silly addNameRange     '3.0.0-alpha1',
324 silly addNameRange     '3.0.0-alpha2',
324 silly addNameRange     '3.0.0-alpha3',
324 silly addNameRange     '3.0.0-alpha4',
324 silly addNameRange     '3.0.0-alpha5',
324 silly addNameRange     '3.0.0-beta1',
324 silly addNameRange     '3.0.0-beta2',
324 silly addNameRange     '3.0.0-beta3',
324 silly addNameRange     '3.0.0-beta4',
324 silly addNameRange     '3.0.0-beta6',
324 silly addNameRange     '3.0.0-beta7',
324 silly addNameRange     '3.0.0-rc1',
324 silly addNameRange     '3.0.0-rc2',
324 silly addNameRange     '3.0.0-rc3',
324 silly addNameRange     '3.0.0-rc4',
324 silly addNameRange     '3.0.0-rc5',
324 silly addNameRange     '3.3.7',
324 silly addNameRange     '3.3.8',
324 silly addNameRange     '3.4.0',
324 silly addNameRange     '3.4.1',
324 silly addNameRange     '3.4.2',
324 silly addNameRange     '3.4.3',
324 silly addNameRange     '3.4.4',
324 silly addNameRange     '3.4.5',
324 silly addNameRange     '3.4.6',
324 silly addNameRange     '3.4.7',
324 silly addNameRange     '3.4.8',
324 silly addNameRange     '4.0.0-rc1',
324 silly addNameRange     '4.0.0-rc2',
324 silly addNameRange     '3.5.0',
324 silly addNameRange     '4.0.0-rc3',
324 silly addNameRange     '4.0.0-rc4',
324 silly addNameRange     '3.5.1',
324 silly addNameRange     '4.0.0',
324 silly addNameRange     '3.5.2',
324 silly addNameRange     '4.1.0',
324 silly addNameRange     '4.1.1',
324 silly addNameRange     '3.5.3',
324 silly addNameRange     '4.1.2',
324 silly addNameRange     '3.6.0',
324 silly addNameRange     '4.2.0',
324 silly addNameRange     '3.7.0',
324 silly addNameRange     '3.8.0',
324 silly addNameRange     '4.3.0',
324 silly addNameRange     '4.3.1',
324 silly addNameRange     '3.8.1',
324 silly addNameRange     '4.3.2',
324 silly addNameRange     '3.9.0',
324 silly addNameRange     '4.4.0',
324 silly addNameRange     '4.4.1',
324 silly addNameRange     '3.10.0',
324 silly addNameRange     '3.10.1',
324 silly addNameRange     '3.10.2',
324 silly addNameRange     '3.10.3',
324 silly addNameRange     '3.10.4',
324 silly addNameRange     '4.4.2',
324 silly addNameRange     '3.10.5',
324 silly addNameRange     '4.4.3',
324 silly addNameRange     '3.11.0',
324 silly addNameRange     '4.4.4',
324 silly addNameRange     '3.12.0',
324 silly addNameRange     '3.12.1',
324 silly addNameRange     '4.4.5',
324 silly addNameRange     '3.13.0',
324 silly addNameRange     '4.5.0',
324 silly addNameRange     '4.5.1',
324 silly addNameRange     '3.14.0',
324 silly addNameRange     '4.6.0',
324 silly addNameRange     '4.6.1',
324 silly addNameRange     '3.15.0',
324 silly addNameRange     '4.7.0',
324 silly addNameRange     '3.15.1',
324 silly addNameRange     '4.7.1',
324 silly addNameRange     '3.15.2',
324 silly addNameRange     '4.7.2',
324 silly addNameRange     '4.7.3',
324 silly addNameRange     '3.15.3',
324 silly addNameRange     '4.7.4',
324 silly addNameRange     '3.16.0',
324 silly addNameRange     '4.8.0',
324 silly addNameRange     '3.16.1',
324 silly addNameRange     '4.8.1',
324 silly addNameRange     '3.16.2',
324 silly addNameRange     '4.8.2',
324 silly addNameRange     '3.16.3',
324 silly addNameRange     '3.16.4',
324 silly addNameRange     '4.8.3',
324 silly addNameRange     '3.16.5',
324 silly addNameRange     '3.16.6',
324 silly addNameRange     '4.8.4',
324 silly addNameRange     '3.16.7',
324 silly addNameRange     '4.8.5',
324 silly addNameRange     '3.16.8',
324 silly addNameRange     '4.8.6',
324 silly addNameRange     '3.16.9',
324 silly addNameRange     '4.8.7',
324 silly addNameRange     '3.16.10',
324 silly addNameRange     '4.8.8',
324 silly addNameRange     '3.17.0',
324 silly addNameRange     '3.17.1',
324 silly addNameRange     '4.9.0',
324 silly addNameRange     '3.17.2',
324 silly addNameRange     '4.9.1',
324 silly addNameRange     '4.9.2',
324 silly addNameRange     '3.17.3',
324 silly addNameRange     '4.9.3',
324 silly addNameRange     '3.17.4',
324 silly addNameRange     '4.9.4',
324 silly addNameRange     '3.17.5',
324 silly addNameRange     '4.9.5',
324 silly addNameRange     '3.17.6',
324 silly addNameRange     '3.17.7',
324 silly addNameRange     '4.9.6',
324 silly addNameRange     '4.9.7',
324 silly addNameRange     '3.17.8',
324 silly addNameRange     '4.9.8',
324 silly addNameRange     '3.18.0',
324 silly addNameRange     '3.18.1',
324 silly addNameRange     '4.10.0',
324 silly addNameRange     '3.18.2',
324 silly addNameRange     '4.10.1',
324 silly addNameRange     '5.0.0-alpha.1',
324 silly addNameRange     '3.18.3',
324 silly addNameRange     '4.10.2',
324 silly addNameRange     '3.18.4',
324 silly addNameRange     '4.10.3',
324 silly addNameRange     '4.10.4',
324 silly addNameRange     '4.10.5',
324 silly addNameRange     '3.18.5',
324 silly addNameRange     '3.18.6',
324 silly addNameRange     '4.10.6',
324 silly addNameRange     '4.10.7',
324 silly addNameRange     '3.19.0' ] ]
325 verbose addNamed [ 'express', '4.10.7' ]
326 verbose addNamed [ '4.10.7', '4.10.7' ]
327 silly lockFile 9ce688f6-express-4-10-7 express@4.10.7
328 verbose lock express@4.10.7 /Users/shanewang/.npm/9ce688f6-express-4-10-7.lock
329 silly lockFile 9ce688f6-express-4-10-7 express@4.10.7
330 silly lockFile 9ce688f6-express-4-10-7 express@4.10.7
331 silly lockFile 2847eb2c-express-4-10-6 express@~4.10.6
332 silly lockFile 2847eb2c-express-4-10-6 express@~4.10.6
333 http 200 https://registry.npmjs.org/mongodb/-/mongodb-1.4.28.tgz
334 silly lockFile 0c5f99c9-s-org-mongodb-mongodb-1-4-28-tgz https://registry.npmjs.org/mongodb/-/mongodb-1.4.28.tgz
335 silly lockFile 0c5f99c9-s-org-mongodb-mongodb-1-4-28-tgz https://registry.npmjs.org/mongodb/-/mongodb-1.4.28.tgz
336 silly lockFile 75809de0-mongodb-1-4-28 mongodb@1.4.28
337 silly lockFile 75809de0-mongodb-1-4-28 mongodb@1.4.28
338 silly lockFile 842f93d5-mongodb mongodb@*
339 silly lockFile 842f93d5-mongodb mongodb@*
340 error Error: EACCES, mkdir '/Users/shanewang/.npm/jade/1.8.2'
340 error  { [Error: EACCES, mkdir '/Users/shanewang/.npm/jade/1.8.2']
340 error   errno: 3,
340 error   code: 'EACCES',
340 error   path: '/Users/shanewang/.npm/jade/1.8.2',
340 error   parent: 'iBeaconRetail' }
341 error Please try running this command again as root/Administrator.
342 error System Darwin 14.0.0
343 error command "node" "/usr/local/bin/npm" "install"
344 error cwd /Users/shanewang/Documents/iBeaconRetail/iBeaconRetail
345 error node -v v0.10.35
346 error npm -v 1.4.28
347 error path /Users/shanewang/.npm/jade/1.8.2
348 error code EACCES
349 error errno 3
350 error stack Error: EACCES, mkdir '/Users/shanewang/.npm/jade/1.8.2'
351 verbose exit [ 3, true ]
